<?xml version="1.0" encoding="UTF-8"?>
<!-- Generated by org.testng.reporters.JUnitReportReporter -->
<testsuite hostname="DESKTOP-NV6E2NO" failures="0" tests="2" name="com.fb.qa.testcase.LoginPageTest" time="42.899" errors="0" timestamp="2022-08-12T11:18:27 IST" skipped="0">
  <testcase classname="com.fb.qa.testcase.LoginPageTest" name="LoginPageTitle" time="14.259"/>
  <system-out/>
  <testcase classname="com.fb.qa.testcase.LoginPageTest" name="loginTest" time="28.640"/>
  <system-out/>
</testsuite> <!-- com.fb.qa.testcase.LoginPageTest -->
