<?xml version="1.0" encoding="UTF-8"?>
<!-- Generated by org.testng.reporters.JUnitReportReporter -->
<testsuite hostname="DESKTOP-NV6E2NO" failures="0" tests="3" name="com.fb.excel.ExcelDataProviderTest" time="22.962" errors="0" timestamp="2022-08-12T11:18:27 IST" skipped="0">
  <testcase classname="com.fb.excel.ExcelDataProviderTest" name="test1" time="5.622"/>
  <system-out/>
  <testcase classname="com.fb.excel.ExcelDataProviderTest" name="test1" time="8.087"/>
  <system-out/>
  <testcase classname="com.fb.excel.ExcelDataProviderTest" name="test1" time="9.253"/>
  <system-out/>
</testsuite> <!-- com.fb.excel.ExcelDataProviderTest -->
