<?xml version="1.0" encoding="UTF-8"?>
<!-- Generated by org.testng.reporters.JUnitReportReporter -->
<testsuite hostname="DESKTOP-NV6E2NO" failures="0" tests="2" name="com.fb.qa.testcase.SignUpPage_Test" time="27.786" errors="0" timestamp="2022-08-12T11:18:27 IST" skipped="0">
  <testcase classname="com.fb.qa.testcase.SignUpPage_Test" name="signUpPageTitleTest" time="12.966"/>
  <system-out/>
  <testcase classname="com.fb.qa.testcase.SignUpPage_Test" name="SignUpTest" time="14.820"/>
  <system-out/>
</testsuite> <!-- com.fb.qa.testcase.SignUpPage_Test -->
