<?xml version="1.0" encoding="UTF-8"?>
<!-- Generated by org.testng.reporters.JUnitReportReporter -->
<testsuite hostname="DESKTOP-NV6E2NO" failures="0" tests="3" name="com.fb.qa.testcase.ProfilePageTest" time="71.960" errors="0" timestamp="2022-08-12T11:18:27 IST" skipped="0">
  <testcase classname="com.fb.qa.testcase.ProfilePageTest" name="checkProfilePageTest" time="15.404"/>
  <system-out/>
  <testcase classname="com.fb.qa.testcase.ProfilePageTest" name="checkBioDataEntryTest" time="28.416"/>
  <system-out/>
  <testcase classname="com.fb.qa.testcase.ProfilePageTest" name="seeAllPhotosTest" time="28.140"/>
  <system-out/>
</testsuite> <!-- com.fb.qa.testcase.ProfilePageTest -->
