<?xml version="1.0" encoding="UTF-8"?>
<!-- Generated by org.testng.reporters.JUnitReportReporter -->
<testsuite hostname="DESKTOP-NV6E2NO" failures="0" tests="3" name="com.fb.qa.util.ExcelDataProviderTest" time="23.442" errors="0" timestamp="2022-08-12T11:18:27 IST" skipped="0">
  <testcase classname="com.fb.qa.util.ExcelDataProviderTest" name="test1" time="6.956"/>
  <system-out/>
  <testcase classname="com.fb.qa.util.ExcelDataProviderTest" name="test1" time="10.989"/>
  <system-out/>
  <testcase classname="com.fb.qa.util.ExcelDataProviderTest" name="test1" time="5.497"/>
  <system-out/>
</testsuite> <!-- com.fb.qa.util.ExcelDataProviderTest -->
